<?xml version="1.0" encoding="UTF-8"?>
<robot generator="Robot 3.2.2 (Python 3.8.5 on linux)" generated="20210524 20:44:32.321" rpa="false">
<suite id="s1" name="Verify Ssh" source="/netdev/slt-netdevops/verify_ssh.robot">
<kw name="Setup" type="setup">
<kw name="use genie testbed &quot;${testbed}&quot;" library="genie.libs.robot.GenieRobot">
<doc>Create the genie testbed</doc>
<msg timestamp="20210524 20:44:33.057" level="WARN">Using the default encoding key since no key was specified in configuration.
THIS IS A SHARED KEY AND IS NOT SECURE, PLEASE RUN `pyats secret keygen` AND ADD TO YOUR pyats.conf FILE BEFORE ENCODING ANY VALUES.</msg>
<msg timestamp="20210524 20:44:33.094" level="INFO">+------------------------------------------------------------------------------+
|                            Genie datafiles used:                             |
+------------------------------------------------------------------------------+</msg>
<msg timestamp="20210524 20:44:33.094" level="INFO">Trigger datafile          | </msg>
<msg timestamp="20210524 20:44:33.094" level="INFO">Verification  datafile    | </msg>
<msg timestamp="20210524 20:44:33.094" level="INFO">Pts datafile              | /usr/local/lib/python3.8/dist-packages/genie/libs/sdk/genie_yamls/pts_datafile.yaml</msg>
<msg timestamp="20210524 20:44:33.094" level="INFO">Subsection datafile       | /usr/local/lib/python3.8/dist-packages/genie/libs/sdk/genie_yamls/subsection_datafile.yaml</msg>
<msg timestamp="20210524 20:44:33.094" level="INFO">Config datafile           | None</msg>
<msg timestamp="20210524 20:44:33.110" level="WARN">Could not load the Datafile correctly</msg>
<status status="PASS" starttime="20210524 20:44:33.051" endtime="20210524 20:44:33.111"></status>
</kw>
<kw name="connect to devices &quot;csr1000v&quot;" library="ats.robot.pyATSRobot">
<doc>Connect to devices via connection as defined in testbed.yaml.
Specify devices with semi-colon separated list, e.g. "R1;R2"</doc>
<msg timestamp="20210524 20:44:33.111" level="INFO">Connecting to device 'Device csr1000v, type router'</msg>
<msg timestamp="20210524 20:44:33.112" level="INFO">kwargs: {}</msg>
<msg timestamp="20210524 20:45:46.075" level="INFO">2021-05-24 20:44:33,113: %UNICON-INFO: +++ csr1000v logfile /tmp/csr1000v-cli-20210524T204433112.log +++

2021-05-24 20:44:33,113: %UNICON-INFO: +++ Unicon plugin iosxe +++
Password: 

2021-05-24 20:44:35,022: %UNICON-INFO: +++ connection to spawn: ssh -l admin 64.103.37.3 -p 8181, id: 140144208315344 +++

2021-05-24 20:44:35,022: %UNICON-INFO: connection to csr1000v



RP/0/RP0/CPU0:iosxr1#</msg>
<msg timestamp="20210524 20:45:46.076" level="FAIL">ConnectionError: failed to connect to csr1000v
Failed while bringing device to "any" state</msg>
<status status="FAIL" starttime="20210524 20:44:33.111" endtime="20210524 20:45:46.077"></status>
</kw>
<status status="FAIL" starttime="20210524 20:44:33.050" endtime="20210524 20:45:46.077"></status>
</kw>
<test id="s1-t1" name="Send show version">
<status status="FAIL" starttime="20210524 20:45:46.077" endtime="20210524 20:45:46.078" critical="yes">Parent suite setup failed:
ConnectionError: failed to connect to csr1000v
Failed while bringing device to "any" state</status>
</test>
<status status="FAIL" starttime="20210524 20:44:32.322" endtime="20210524 20:45:46.079">Suite setup failed:
ConnectionError: failed to connect to csr1000v
Failed while bringing device to "any" state</status>
</suite>
<statistics>
<total>
<stat pass="0" fail="1">Critical Tests</stat>
<stat pass="0" fail="1">All Tests</stat>
</total>
<tag>
</tag>
<suite>
<stat pass="0" fail="1" id="s1" name="Verify Ssh">Verify Ssh</stat>
</suite>
</statistics>
<errors>
<msg timestamp="20210524 20:44:33.057" level="WARN">Using the default encoding key since no key was specified in configuration.
THIS IS A SHARED KEY AND IS NOT SECURE, PLEASE RUN `pyats secret keygen` AND ADD TO YOUR pyats.conf FILE BEFORE ENCODING ANY VALUES.</msg>
<msg timestamp="20210524 20:44:33.110" level="WARN">Could not load the Datafile correctly</msg>
</errors>
</robot>
